# JRE version: OpenJDK Runtime Environment Temurin-17.0.5+8 (17.0.5+8) (build 17.0.5+8)
# Java VM: OpenJDK 64-Bit Server VM Temurin-17.0.5+8 (17.0.5+8, mixed mode, tiered, compressed oops, compressed class ptrs, parallel gc, linux-amd64)
GC Precious Log:
 CPUs: 4 total, 4 available
 Memory: 11855M
 Large Page Support: Disabled
 NUMA Support: Disabled
 Compressed Oops: Enabled (32-bit)
 Alignments: Space 512K, Generation 512K, Heap 2M
 Heap Min Capacity: 100M
 Heap Initial Capacity: 100M
 Heap Max Capacity: 1G
 Pre-touch: Disabled
 Parallel Workers: 4
Heap:
 PSYoungGen      total 37888K, used 7829K [0x00000000eab00000, 0x00000000eda80000, 0x0000000100000000)
  eden space 26624K, 0% used [0x00000000eab00000,0x00000000eab00000,0x00000000ec500000)
  from space 11264K, 69% used [0x00000000ec500000,0x00000000ecca5420,0x00000000ed000000)
  to   space 9216K, 0% used [0x00000000ed180000,0x00000000ed180000,0x00000000eda80000)
 ParOldGen       total 408576K, used 400911K [0x00000000c0000000, 0x00000000d8f00000, 0x00000000eab00000)
  object space 408576K, 98% used [0x00000000c0000000,0x00000000d8783fe0,0x00000000d8f00000)
 Metaspace       used 71550K, committed 72704K, reserved 1114112K
  class space    used 7342K, committed 7872K, reserved 1048576K
GC Heap History (20 events):
Event: 75,886 GC heap after
{Heap after GC invocations=136 (full 8):
 PSYoungGen      total 39424K, used 6638K [0x00000000eab00000, 0x00000000edb00000, 0x0000000100000000)
  eden space 32768K, 0% used [0x00000000eab00000,0x00000000eab00000,0x00000000ecb00000)
  from space 6656K, 99% used [0x00000000ed280000,0x00000000ed8fb8b8,0x00000000ed900000)
  to   space 7680K, 0% used [0x00000000ecb00000,0x00000000ecb00000,0x00000000ed280000)
 ParOldGen       total 400384K, used 370237K [0x00000000c0000000, 0x00000000d8700000, 0x00000000eab00000)
  object space 400384K, 92% used [0x00000000c0000000,0x00000000d698f6e8,0x00000000d8700000)
 Metaspace       used 69691K, committed 70848K, reserved 1114112K
  class space    used 7249K, committed 7744K, reserved 1048576K
}
Event: 79,271 GC heap before
{Heap before GC invocations=137 (full 8):
 PSYoungGen      total 39424K, used 39342K [0x00000000eab00000, 0x00000000edb00000, 0x0000000100000000)
  eden space 32768K, 99% used [0x00000000eab00000,0x00000000ecaf0168,0x00000000ecb00000)
  from space 6656K, 99% used [0x00000000ed280000,0x00000000ed8fb8b8,0x00000000ed900000)
  to   space 7680K, 0% used [0x00000000ecb00000,0x00000000ecb00000,0x00000000ed280000)
 ParOldGen       total 400384K, used 370237K [0x00000000c0000000, 0x00000000d8700000, 0x00000000eab00000)
  object space 400384K, 92% used [0x00000000c0000000,0x00000000d698f6e8,0x00000000d8700000)
 Metaspace       used 69954K, committed 71168K, reserved 1114112K
  class space    used 7291K, committed 7808K, reserved 1048576K
}
Event: 79,318 GC heap after
{Heap after GC invocations=137 (full 8):
 PSYoungGen      total 39424K, used 6149K [0x00000000eab00000, 0x00000000ed800000, 0x0000000100000000)
  eden space 32768K, 0% used [0x00000000eab00000,0x00000000eab00000,0x00000000ecb00000)
  from space 6656K, 92% used [0x00000000ecb00000,0x00000000ed101478,0x00000000ed180000)
  to   space 6656K, 0% used [0x00000000ed180000,0x00000000ed180000,0x00000000ed800000)
 ParOldGen       total 400384K, used 370674K [0x00000000c0000000, 0x00000000d8700000, 0x00000000eab00000)
  object space 400384K, 92% used [0x00000000c0000000,0x00000000d69fcbd0,0x00000000d8700000)
 Metaspace       used 69954K, committed 71168K, reserved 1114112K
  class space    used 7291K, committed 7808K, reserved 1048576K
}
Event: 80,204 GC heap before
{Heap before GC invocations=138 (full 8):
 PSYoungGen      total 39424K, used 38917K [0x00000000eab00000, 0x00000000ed800000, 0x0000000100000000)
  eden space 32768K, 100% used [0x00000000eab00000,0x00000000ecb00000,0x00000000ecb00000)
  from space 6656K, 92% used [0x00000000ecb00000,0x00000000ed101478,0x00000000ed180000)
  to   space 6656K, 0% used [0x00000000ed180000,0x00000000ed180000,0x00000000ed800000)
 ParOldGen       total 400384K, used 370674K [0x00000000c0000000, 0x00000000d8700000, 0x00000000eab00000)
  object space 400384K, 92% used [0x00000000c0000000,0x00000000d69fcbd0,0x00000000d8700000)
 Metaspace       used 70106K, committed 71232K, reserved 1114112K
  class space    used 7297K, committed 7808K, reserved 1048576K
}
Event: 80,245 GC heap after
{Heap after GC invocations=138 (full 8):
 PSYoungGen      total 35328K, used 6652K [0x00000000eab00000, 0x00000000ee000000, 0x0000000100000000)
  eden space 28672K, 0% used [0x00000000eab00000,0x00000000eab00000,0x00000000ec700000)
  from space 6656K, 99% used [0x00000000ed180000,0x00000000ed7ff1a0,0x00000000ed800000)
  to   space 10752K, 0% used [0x00000000ec700000,0x00000000ec700000,0x00000000ed180000)
 ParOldGen       total 400384K, used 373674K [0x00000000c0000000, 0x00000000d8700000, 0x00000000eab00000)
  object space 400384K, 93% used [0x00000000c0000000,0x00000000d6cea890,0x00000000d8700000)
 Metaspace       used 70106K, committed 71232K, reserved 1114112K
  class space    used 7297K, committed 7808K, reserved 1048576K
}
Event: 80,788 GC heap before
{Heap before GC invocations=139 (full 8):
 PSYoungGen      total 35328K, used 35324K [0x00000000eab00000, 0x00000000ee000000, 0x0000000100000000)
  eden space 28672K, 100% used [0x00000000eab00000,0x00000000ec700000,0x00000000ec700000)
  from space 6656K, 99% used [0x00000000ed180000,0x00000000ed7ff1a0,0x00000000ed800000)
  to   space 10752K, 0% used [0x00000000ec700000,0x00000000ec700000,0x00000000ed180000)
 ParOldGen       total 400384K, used 373674K [0x00000000c0000000, 0x00000000d8700000, 0x00000000eab00000)
  object space 400384K, 93% used [0x00000000c0000000,0x00000000d6cea890,0x00000000d8700000)
 Metaspace       used 70191K, committed 71360K, reserved 1114112K
  class space    used 7300K, committed 7808K, reserved 1048576K
}
Event: 80,801 GC heap after
{Heap after GC invocations=139 (full 8):
 PSYoungGen      total 35840K, used 7096K [0x00000000eab00000, 0x00000000ed700000, 0x0000000100000000)
  eden space 28672K, 0% used [0x00000000eab00000,0x00000000eab00000,0x00000000ec700000)
  from space 7168K, 98% used [0x00000000ec700000,0x00000000ecdee130,0x00000000ece00000)
  to   space 8192K, 0% used [0x00000000ecf00000,0x00000000ecf00000,0x00000000ed700000)
 ParOldGen       total 400384K, used 374445K [0x00000000c0000000, 0x00000000d8700000, 0x00000000eab00000)
  object space 400384K, 93% used [0x00000000c0000000,0x00000000d6dab478,0x00000000d8700000)
 Metaspace       used 70191K, committed 71360K, reserved 1114112K
  class space    used 7300K, committed 7808K, reserved 1048576K
}
Event: 82,049 GC heap before
{Heap before GC invocations=140 (full 8):
 PSYoungGen      total 35840K, used 35612K [0x00000000eab00000, 0x00000000ed700000, 0x0000000100000000)
  eden space 28672K, 99% used [0x00000000eab00000,0x00000000ec6d8f70,0x00000000ec700000)
  from space 7168K, 98% used [0x00000000ec700000,0x00000000ecdee130,0x00000000ece00000)
  to   space 8192K, 0% used [0x00000000ecf00000,0x00000000ecf00000,0x00000000ed700000)
 ParOldGen       total 400384K, used 374445K [0x00000000c0000000, 0x00000000d8700000, 0x00000000eab00000)
  object space 400384K, 93% used [0x00000000c0000000,0x00000000d6dab478,0x00000000d8700000)
 Metaspace       used 70705K, committed 71808K, reserved 1114112K
  class space    used 7324K, committed 7808K, reserved 1048576K
}
Event: 82,111 GC heap after
{Heap after GC invocations=140 (full 8):
 PSYoungGen      total 35840K, used 8166K [0x00000000eab00000, 0x00000000ed900000, 0x0000000100000000)
  eden space 27648K, 0% used [0x00000000eab00000,0x00000000eab00000,0x00000000ec600000)
  from space 8192K, 99% used [0x00000000ecf00000,0x00000000ed6f9bf8,0x00000000ed700000)
  to   space 9216K, 0% used [0x00000000ec600000,0x00000000ec600000,0x00000000ecf00000)
 ParOldGen       total 400384K, used 374945K [0x00000000c0000000, 0x00000000d8700000, 0x00000000eab00000)
  object space 400384K, 93% used [0x00000000c0000000,0x00000000d6e28568,0x00000000d8700000)
 Metaspace       used 70705K, committed 71808K, reserved 1114112K
  class space    used 7324K, committed 7808K, reserved 1048576K
}
Event: 82,608 GC heap before
{Heap before GC invocations=141 (full 8):
 PSYoungGen      total 35840K, used 35814K [0x00000000eab00000, 0x00000000ed900000, 0x0000000100000000)
  eden space 27648K, 100% used [0x00000000eab00000,0x00000000ec600000,0x00000000ec600000)
  from space 8192K, 99% used [0x00000000ecf00000,0x00000000ed6f9bf8,0x00000000ed700000)
  to   space 9216K, 0% used [0x00000000ec600000,0x00000000ec600000,0x00000000ecf00000)
 ParOldGen       total 400384K, used 374945K [0x00000000c0000000, 0x00000000d8700000, 0x00000000eab00000)
  object space 400384K, 93% used [0x00000000c0000000,0x00000000d6e28568,0x00000000d8700000)
 Metaspace       used 70768K, committed 71936K, reserved 1114112K
  class space    used 7324K, committed 7808K, reserved 1048576K
}
Event: 82,630 GC heap after
{Heap after GC invocations=141 (full 8):
 PSYoungGen      total 36864K, used 9186K [0x00000000eab00000, 0x00000000eda00000, 0x0000000100000000)
  eden space 27648K, 0% used [0x00000000eab00000,0x00000000eab00000,0x00000000ec600000)
  from space 9216K, 99% used [0x00000000ec600000,0x00000000ecef8940,0x00000000ecf00000)
  to   space 10240K, 0% used [0x00000000ed000000,0x00000000ed000000,0x00000000eda00000)
 ParOldGen       total 400384K, used 375329K [0x00000000c0000000, 0x00000000d8700000, 0x00000000eab00000)
  object space 400384K, 93% used [0x00000000c0000000,0x00000000d6e887d0,0x00000000d8700000)
 Metaspace       used 70768K, committed 71936K, reserved 1114112K
  class space    used 7324K, committed 7808K, reserved 1048576K
}
Event: 83,824 GC heap before
{Heap before GC invocations=142 (full 8):
 PSYoungGen      total 36864K, used 36834K [0x00000000eab00000, 0x00000000eda00000, 0x0000000100000000)
  eden space 27648K, 100% used [0x00000000eab00000,0x00000000ec600000,0x00000000ec600000)
  from space 9216K, 99% used [0x00000000ec600000,0x00000000ecef8940,0x00000000ecf00000)
  to   space 10240K, 0% used [0x00000000ed000000,0x00000000ed000000,0x00000000eda00000)
 ParOldGen       total 400384K, used 375329K [0x00000000c0000000, 0x00000000d8700000, 0x00000000eab00000)
  object space 400384K, 93% used [0x00000000c0000000,0x00000000d6e887d0,0x00000000d8700000)
 Metaspace       used 71106K, committed 72256K, reserved 1114112K
  class space    used 7325K, committed 7808K, reserved 1048576K
}
Event: 83,888 GC heap after
{Heap after GC invocations=142 (full 8):
 PSYoungGen      total 36864K, used 9169K [0x00000000eab00000, 0x00000000ed900000, 0x0000000100000000)
  eden space 27648K, 0% used [0x00000000eab00000,0x00000000eab00000,0x00000000ec600000)
  from space 9216K, 99% used [0x00000000ed000000,0x00000000ed8f45f0,0x00000000ed900000)
  to   space 9728K, 0% used [0x00000000ec600000,0x00000000ec600000,0x00000000ecf80000)
 ParOldGen       total 400384K, used 378385K [0x00000000c0000000, 0x00000000d8700000, 0x00000000eab00000)
  object space 400384K, 94% used [0x00000000c0000000,0x00000000d71847e0,0x00000000d8700000)
 Metaspace       used 71106K, committed 72256K, reserved 1114112K
  class space    used 7325K, committed 7808K, reserved 1048576K
}
Event: 2444,801 GC heap before
{Heap before GC invocations=143 (full 8):
 PSYoungGen      total 36864K, used 36817K [0x00000000eab00000, 0x00000000ed900000, 0x0000000100000000)
  eden space 27648K, 100% used [0x00000000eab00000,0x00000000ec600000,0x00000000ec600000)
  from space 9216K, 99% used [0x00000000ed000000,0x00000000ed8f45f0,0x00000000ed900000)
  to   space 9728K, 0% used [0x00000000ec600000,0x00000000ec600000,0x00000000ecf80000)
 ParOldGen       total 400384K, used 378385K [0x00000000c0000000, 0x00000000d8700000, 0x00000000eab00000)
  object space 400384K, 94% used [0x00000000c0000000,0x00000000d71847e0,0x00000000d8700000)
 Metaspace       used 71346K, committed 72512K, reserved 1114112K
  class space    used 7338K, committed 7872K, reserved 1048576K
}
Event: 2444,839 GC heap after
{Heap after GC invocations=143 (full 8):
 PSYoungGen      total 37376K, used 9709K [0x00000000eab00000, 0x00000000eda00000, 0x0000000100000000)
  eden space 27648K, 0% used [0x00000000eab00000,0x00000000eab00000,0x00000000ec600000)
  from space 9728K, 99% used [0x00000000ec600000,0x00000000ecf7b490,0x00000000ecf80000)
  to   space 10240K, 0% used [0x00000000ed000000,0x00000000ed000000,0x00000000eda00000)
 ParOldGen       total 400384K, used 378545K [0x00000000c0000000, 0x00000000d8700000, 0x00000000eab00000)
  object space 400384K, 94% used [0x00000000c0000000,0x00000000d71ac7e0,0x00000000d8700000)
 Metaspace       used 71346K, committed 72512K, reserved 1114112K
  class space    used 7338K, committed 7872K, reserved 1048576K
}
Event: 2447,454 GC heap before
{Heap before GC invocations=144 (full 8):
 PSYoungGen      total 37376K, used 33391K [0x00000000eab00000, 0x00000000eda00000, 0x0000000100000000)
  eden space 27648K, 85% used [0x00000000eab00000,0x00000000ec220a28,0x00000000ec600000)
  from space 9728K, 99% used [0x00000000ec600000,0x00000000ecf7b490,0x00000000ecf80000)
  to   space 10240K, 0% used [0x00000000ed000000,0x00000000ed000000,0x00000000eda00000)
 ParOldGen       total 400384K, used 378545K [0x00000000c0000000, 0x00000000d8700000, 0x00000000eab00000)
  object space 400384K, 94% used [0x00000000c0000000,0x00000000d71ac7e0,0x00000000d8700000)
 Metaspace       used 71550K, committed 72704K, reserved 1114112K
  class space    used 7342K, committed 7872K, reserved 1048576K
}
Event: 2447,468 GC heap after
{Heap after GC invocations=144 (full 8):
 PSYoungGen      total 36864K, used 10233K [0x00000000eab00000, 0x00000000edc00000, 0x0000000100000000)
  eden space 26624K, 0% used [0x00000000eab00000,0x00000000eab00000,0x00000000ec500000)
  from space 10240K, 99% used [0x00000000ed000000,0x00000000ed9fe750,0x00000000eda00000)
  to   space 11264K, 0% used [0x00000000ec500000,0x00000000ec500000,0x00000000ed000000)
 ParOldGen       total 400384K, used 379262K [0x00000000c0000000, 0x00000000d8700000, 0x00000000eab00000)
  object space 400384K, 94% used [0x00000000c0000000,0x00000000d725f810,0x00000000d8700000)
 Metaspace       used 71550K, committed 72704K, reserved 1114112K
  class space    used 7342K, committed 7872K, reserved 1048576K
}
Event: 2447,475 GC heap before
{Heap before GC invocations=145 (full 8):
 PSYoungGen      total 36864K, used 29479K [0x00000000eab00000, 0x00000000edc00000, 0x0000000100000000)
  eden space 26624K, 72% used [0x00000000eab00000,0x00000000ebdcb898,0x00000000ec500000)
  from space 10240K, 99% used [0x00000000ed000000,0x00000000ed9fe750,0x00000000eda00000)
  to   space 11264K, 0% used [0x00000000ec500000,0x00000000ec500000,0x00000000ed000000)
 ParOldGen       total 400384K, used 379262K [0x00000000c0000000, 0x00000000d8700000, 0x00000000eab00000)
  object space 400384K, 94% used [0x00000000c0000000,0x00000000d725f810,0x00000000d8700000)
 Metaspace       used 71550K, committed 72704K, reserved 1114112K
  class space    used 7342K, committed 7872K, reserved 1048576K
}
Event: 2447,515 GC heap after
{Heap after GC invocations=145 (full 8):
 PSYoungGen      total 37888K, used 7829K [0x00000000eab00000, 0x00000000eda80000, 0x0000000100000000)
  eden space 26624K, 0% used [0x00000000eab00000,0x00000000eab00000,0x00000000ec500000)
  from space 11264K, 69% used [0x00000000ec500000,0x00000000ecca5420,0x00000000ed000000)
  to   space 9216K, 0% used [0x00000000ed180000,0x00000000ed180000,0x00000000eda80000)
 ParOldGen       total 408576K, used 400911K [0x00000000c0000000, 0x00000000d8f00000, 0x00000000eab00000)
  object space 408576K, 98% used [0x00000000c0000000,0x00000000d8783fe0,0x00000000d8f00000)
 Metaspace       used 71550K, committed 72704K, reserved 1114112K
  class space    used 7342K, committed 7872K, reserved 1048576K
}
Event: 2447,515 GC heap before
{Heap before GC invocations=146 (full 9):
 PSYoungGen      total 37888K, used 7829K [0x00000000eab00000, 0x00000000eda80000, 0x0000000100000000)
  eden space 26624K, 0% used [0x00000000eab00000,0x00000000eab00000,0x00000000ec500000)
  from space 11264K, 69% used [0x00000000ec500000,0x00000000ecca5420,0x00000000ed000000)
  to   space 9216K, 0% used [0x00000000ed180000,0x00000000ed180000,0x00000000eda80000)
 ParOldGen       total 408576K, used 400911K [0x00000000c0000000, 0x00000000d8f00000, 0x00000000eab00000)
  object space 408576K, 98% used [0x00000000c0000000,0x00000000d8783fe0,0x00000000d8f00000)
 Metaspace       used 71550K, committed 72704K, reserved 1114112K
  class space    used 7342K, committed 7872K, reserved 1048576K
}

